<?xml version="1.0" encoding="UTF-8"?>
<testsuite xmlns:xsi="http://www.w3.org/2001/XMLSchema-instance" xsi:noNamespaceSchemaLocation="https://maven.apache.org/surefire/maven-surefire-plugin/xsd/surefire-test-report.xsd" name="com.itany.study.AppTest" time="0.026" tests="1" errors="0" skipped="0" failures="0">
  <properties>
    <property name="sun.desktop" value="windows"/>
    <property name="awt.toolkit" value="sun.awt.windows.WToolkit"/>
    <property name="file.encoding.pkg" value="sun.io"/>
    <property name="java.specification.version" value="1.8"/>
    <property name="sun.cpu.isalist" value="pentium_pro+mmx pentium_pro pentium+mmx pentium i486 i386 i86"/>
    <property name="sun.jnu.encoding" value="GBK"/>
    <property name="java.class.path" value="E:\JAVA-汤大叔\test\maven01\target\test-classes;E:\JAVA-汤大叔\test\maven01\target\classes;E:\repository\junit\junit\4.11\junit-4.11.jar;E:\repository\org\hamcrest\hamcrest-core\1.3\hamcrest-core-1.3.jar;"/>
    <property name="java.vm.vendor" value="Oracle Corporation"/>
    <property name="sun.arch.data.model" value="32"/>
    <property name="user.variant" value=""/>
    <property name="java.vendor.url" value="http://java.oracle.com/"/>
    <property name="user.timezone" value="Asia/Shanghai"/>
    <property name="java.vm.specification.version" value="1.8"/>
    <property name="os.name" value="Windows 10"/>
    <property name="user.country" value="CN"/>
    <property name="sun.java.launcher" value="SUN_STANDARD"/>
    <property name="sun.boot.library.path" value="C:\Program Files (x86)\Java\jdk1.8-32\jre\bin"/>
    <property name="sun.java.command" value="C:\Users\ADMINI~1\AppData\Local\Temp\surefire7186128147249787395\surefirebooter602080683889580153.jar C:\Users\Administrator\AppData\Local\Temp\surefire7186128147249787395 2021-01-28T13-38-03_930-jvmRun1 surefire7719049392726520190tmp surefire_01557683286669507820tmp"/>
    <property name="surefire.test.class.path" value="E:\JAVA-汤大叔\test\maven01\target\test-classes;E:\JAVA-汤大叔\test\maven01\target\classes;E:\repository\junit\junit\4.11\junit-4.11.jar;E:\repository\org\hamcrest\hamcrest-core\1.3\hamcrest-core-1.3.jar;"/>
    <property name="sun.cpu.endian" value="little"/>
    <property name="user.home" value="C:\Users\Administrator"/>
    <property name="user.language" value="zh"/>
    <property name="java.specification.vendor" value="Oracle Corporation"/>
    <property name="java.home" value="C:\Program Files (x86)\Java\jdk1.8-32\jre"/>
    <property name="basedir" value="E:\JAVA-汤大叔\test\maven01"/>
    <property name="file.separator" value="\"/>
    <property name="line.separator" value="&#10;"/>
    <property name="java.vm.specification.vendor" value="Oracle Corporation"/>
    <property name="java.specification.name" value="Java Platform API Specification"/>
    <property name="java.awt.graphicsenv" value="sun.awt.Win32GraphicsEnvironment"/>
    <property name="surefire.real.class.path" value="C:\Users\ADMINI~1\AppData\Local\Temp\surefire7186128147249787395\surefirebooter602080683889580153.jar"/>
    <property name="sun.boot.class.path" value="C:\Program Files (x86)\Java\jdk1.8-32\jre\lib\resources.jar;C:\Program Files (x86)\Java\jdk1.8-32\jre\lib\rt.jar;C:\Program Files (x86)\Java\jdk1.8-32\jre\lib\sunrsasign.jar;C:\Program Files (x86)\Java\jdk1.8-32\jre\lib\jsse.jar;C:\Program Files (x86)\Java\jdk1.8-32\jre\lib\jce.jar;C:\Program Files (x86)\Java\jdk1.8-32\jre\lib\charsets.jar;C:\Program Files (x86)\Java\jdk1.8-32\jre\lib\jfr.jar;C:\Program Files (x86)\Java\jdk1.8-32\jre\classes"/>
    <property name="user.script" value=""/>
    <property name="sun.management.compiler" value="HotSpot Client Compiler"/>
    <property name="java.runtime.version" value="1.8.0_131-b11"/>
    <property name="user.name" value="Administrator"/>
    <property name="path.separator" value=";"/>
    <property name="os.version" value="10.0"/>
    <property name="java.endorsed.dirs" value="C:\Program Files (x86)\Java\jdk1.8-32\jre\lib\endorsed"/>
    <property name="java.runtime.name" value="Java(TM) SE Runtime Environment"/>
    <property name="file.encoding" value="GBK"/>
    <property name="java.vm.name" value="Java HotSpot(TM) Client VM"/>
    <property name="localRepository" value="E:\repository"/>
    <property name="java.vendor.url.bug" value="http://bugreport.sun.com/bugreport/"/>
    <property name="java.io.tmpdir" value="C:\Users\ADMINI~1\AppData\Local\Temp\"/>
    <property name="idea.version" value="2020.3.1"/>
    <property name="java.version" value="1.8.0_131"/>
    <property name="user.dir" value="E:\JAVA-汤大叔\test\maven01"/>
    <property name="os.arch" value="x86"/>
    <property name="java.vm.specification.name" value="Java Virtual Machine Specification"/>
    <property name="java.awt.printerjob" value="sun.awt.windows.WPrinterJob"/>
    <property name="sun.os.patch.level" value=""/>
    <property name="java.library.path" value="C:\Program Files (x86)\Java\jdk1.8-32\jre\bin;C:\WINDOWS\Sun\Java\bin;C:\WINDOWS\system32;C:\WINDOWS;C:\Program Files\Python37\Scripts\;C:\Program Files\Python37\;C:\ProgramData\Oracle\Java\javapath;F:\Tool-exe\Xshell\;F:\Tool-exe\Xftp\;C:\Program Files\Python27;C:\Program Files\Python27\Scripts;C:\WINDOWS\system32;C:\WINDOWS;C:\WINDOWS\System32\Wbem;C:\WINDOWS\System32\WindowsPowerShell\v1.0\;C:\Program Files (x86)\Java\jdk1.8-32\bin;C:\Program Files (x86)\Java\jdk1.8-32\jre\bin;F:\Tool-exe\eclipse\plugins\org.apache.ant_1.9.6.v201510161327\bin;F:\QiMiao-file\AndroidADT\sdk\platform-tools;F:\QiMiao-file\AndroidADT\sdk\tools;F:\QiMiao-file\AndroidADT\sdk\tools\bin;C:\Program Files\Git\cmd;C:\Program Files (x86)\ATI Technologies\ATI.ACE\Core-Static;C:\WINDOWS\System32\OpenSSH\;F:\QiMiao-file\AndroidADT\sdk\platform-tools.backup;E:\Tool\mysql\bin;E:\Tool\apache-maven-3.6.3\bin;%GRADLE_HOME%\bin;C:\Program Files (x86)\Nmap;F:\Tool-exe\IntelliJ IDEA 2020.3.1\bin;;C:\Users\Administrator\AppData\Local\Microsoft\WindowsApps;;E:\Tool\PyCharm 2020.1.1\bin;;."/>
    <property name="java.vm.info" value="mixed mode"/>
    <property name="java.vendor" value="Oracle Corporation"/>
    <property name="java.vm.version" value="25.131-b11"/>
    <property name="java.ext.dirs" value="C:\Program Files (x86)\Java\jdk1.8-32\jre\lib\ext;C:\WINDOWS\Sun\Java\lib\ext"/>
    <property name="sun.io.unicode.encoding" value="UnicodeLittle"/>
    <property name="java.class.version" value="52.0"/>
  </properties>
  <testcase name="shouldAnswerWithTrue" classname="com.itany.study.AppTest" time="0.001"/>
</testsuite>